% Prover : Metis 
% Problem : KRS085+1 
% Notes : Invalid clausification, countersatisfiable

fof(normalize_0_1, plain,
    (! [X] :
       (~ cUnsatisfiable(X) <=>
        (~ cp1(X) |
         ! [Y] :
           (~ rr(X, Y) |
            ! [Z] :
              (~ cp1(Z) | ~ rr(Y, Z) | ? [W] : (cp1(W) & rinvR(Z, W))))))),
    inference(specialize, [], [normalize_0_0])).

fof(normalize_0_2, plain,
    (! [W, X, Y, Z] :
       ((~ cUnsatisfiable(X) | cp1(X)) &
        (~ cUnsatisfiable(X) | cp1(skolemFOFtoCNF_Z(X))) &
        (~ cUnsatisfiable(X) | rr(X, skolemFOFtoCNF_Y(X))) &
        (~ cUnsatisfiable(X) |
         rr(skolemFOFtoCNF_Y(X), skolemFOFtoCNF_Z(X))) &
        (~ cUnsatisfiable(X) | ~ cp1(W) |
         ~ rinvR(skolemFOFtoCNF_Z(X), W)) &
        (~ cp1(X) | ~ cp1(Z) | ~ rr(X, Y) | ~ rr(Y, Z) |
         cUnsatisfiable(X) | cp1(skolemFOFtoCNF_W(Z))) &
        (~ cp1(X) | ~ cp1(Z) | ~ rr(X, Y) | ~ rr(Y, Z) |
         cUnsatisfiable(X) | rinvR(Z, skolemFOFtoCNF_W(Z))))),
    inference(clausify, [], [normalize_0_1])).
