% Prover : Metis 
% Problem : KRS081+1
% Notes : Inference cannot be proven (timeout)

fof(axiom_2, axiom,
    (! [X] :
       (cUnsatisfiable(X) <=>
        (? [Y] : (rr(X, Y) & cp3(Y)) &
         ? [Y] : (rr(X, Y) & cp4(Y) & cp(Y)) &
         ? [Y] : (rr(X, Y) & cp4(Y)) &
         ? [Y] : (rr(X, Y) & cp2(Y) & cp(Y)) &
         ? [Y] : (rr(X, Y) & cp5(Y)) &
         ? [Y] : (rr(X, Y) & cp(Y) & cp3(Y)) &
         ? [Y] : (rr(X, Y) & cp1(Y)) &
         ! [Y8, Y9, Y10, Y11, Y12] :
           ((rr(X, Y8) & rr(X, Y9) & rr(X, Y10) & rr(X, Y11) &
             rr(X, Y12)) =>
            (Y8 = Y9 | Y8 = Y10 | Y8 = Y11 | Y8 = Y12 | Y9 = Y10 |
             Y9 = Y11 | Y9 = Y12 | Y10 = Y11 | Y10 = Y12 | Y11 = Y12)) &
         ? [Y] : (rr(X, Y) & cp1(Y) & cp(Y)) &
         ? [Y] : (rr(X, Y) & cp2(Y)))))).

fof(normalize_0_1, plain,
    (! [X] :
       (~ cUnsatisfiable(X) <=>
        (? [Y8, Y9, Y10, Y11, Y12] :
           (Y8 != Y9 & Y8 != Y10 & Y8 != Y11 & Y8 != Y12 & Y9 != Y10 &
            Y9 != Y11 & Y9 != Y12 & Y10 != Y11 & Y10 != Y12 & Y11 != Y12 &
            rr(X, Y8) & rr(X, Y9) & rr(X, Y10) & rr(X, Y11) & rr(X, Y12)) |
         ! [Y] : (~ cp1(Y) | ~ rr(X, Y)) |
         ! [Y] : (~ cp2(Y) | ~ rr(X, Y)) |
         ! [Y] : (~ cp3(Y) | ~ rr(X, Y)) |
         ! [Y] : (~ cp4(Y) | ~ rr(X, Y)) |
         ! [Y] : (~ cp5(Y) | ~ rr(X, Y)) |
         ! [Y] : (~ cp(Y) | ~ cp1(Y) | ~ rr(X, Y)) |
         ! [Y] : (~ cp(Y) | ~ cp2(Y) | ~ rr(X, Y)) |
         ! [Y] : (~ cp(Y) | ~ cp3(Y) | ~ rr(X, Y)) |
         ! [Y] : (~ cp(Y) | ~ cp4(Y) | ~ rr(X, Y))))),
    inference(canonicalize, [], [axiom_2])).

